0 info it worked if it ends with ok
1 verbose cli [ '/usr/bin/nodejs', '/usr/bin/npm', 'run', 'savage' ]
2 info using npm@3.5.2
3 info using node@v4.2.6
4 verbose run-script [ 'presavage', 'savage', 'postsavage' ]
5 info lifecycle crud-express-mongo@1.0.0~presavage: crud-express-mongo@1.0.0
6 silly lifecycle crud-express-mongo@1.0.0~presavage: no script for presavage, continuing
7 info lifecycle crud-express-mongo@1.0.0~savage: crud-express-mongo@1.0.0
8 verbose lifecycle crud-express-mongo@1.0.0~savage: unsafe-perm in lifecycle true
9 verbose lifecycle crud-express-mongo@1.0.0~savage: PATH: /usr/share/npm/bin/node-gyp-bin:/home/resilient/Desktop/savage-demo/node_modules/.bin:/home/resilient/bin:/home/resilient/.local/bin:/usr/local/sbin:/usr/local/bin:/usr/sbin:/usr/bin:/sbin:/bin:/usr/games:/usr/local/games:/snap/bin
10 verbose lifecycle crud-express-mongo@1.0.0~savage: CWD: /home/resilient/Desktop/savage-demo
11 silly lifecycle crud-express-mongo@1.0.0~savage: Args: [ '-c', 'nodemon server.js' ]
12 info lifecycle crud-express-mongo@1.0.0~savage: Failed to exec savage script
13 verbose stack Error: crud-express-mongo@1.0.0 savage: `nodemon server.js`
13 verbose stack spawn ENOENT
13 verbose stack     at ChildProcess.<anonymous> (/usr/share/npm/lib/utils/spawn.js:17:16)
13 verbose stack     at emitTwo (events.js:87:13)
13 verbose stack     at ChildProcess.emit (events.js:172:7)
13 verbose stack     at maybeClose (internal/child_process.js:821:16)
13 verbose stack     at Process.ChildProcess._handle.onexit (internal/child_process.js:211:5)
14 verbose pkgid crud-express-mongo@1.0.0
15 verbose cwd /home/resilient/Desktop/savage-demo
16 error Linux 4.13.0-36-generic
17 error argv "/usr/bin/nodejs" "/usr/bin/npm" "run" "savage"
18 error node v4.2.6
19 error npm  v3.5.2
20 error file sh
21 error code ELIFECYCLE
22 error errno ENOENT
23 error syscall spawn
24 error crud-express-mongo@1.0.0 savage: `nodemon server.js`
24 error spawn ENOENT
25 error Failed at the crud-express-mongo@1.0.0 savage script 'nodemon server.js'.
25 error Make sure you have the latest version of node.js and npm installed.
25 error If you do, this is most likely a problem with the crud-express-mongo package,
25 error not with npm itself.
25 error Tell the author that this fails on your system:
25 error     nodemon server.js
25 error You can get information on how to open an issue for this project with:
25 error     npm bugs crud-express-mongo
25 error Or if that isn't available, you can get their info via:
25 error     npm owner ls crud-express-mongo
25 error There is likely additional logging output above.
26 verbose exit [ 1, true ]
